<?xml version="1.0" encoding="UTF-8"?>
<!-- Generated by org.testng.reporters.JUnitReportReporter -->
<testsuite hostname="JKTNOLAP668" failures="0" tests="1" name="testNGPack.Demo2" time="0.016" errors="0" timestamp="2022-06-19T12:32:19 IST" skipped="0">
  <testcase classname="testNGPack.Demo2" name="b" time="0.016"/>
  <system-out>
    <![CDATA[demo2 class method]]>
  </system-out>
</testsuite> <!-- testNGPack.Demo2 -->
