<?xml version="1.0" encoding="UTF-8"?>
<!-- Generated by org.testng.reporters.JUnitReportReporter -->
<testsuite hostname="JKTNOLAP668" failures="0" tests="1" name="testNGPack.Demo3" time="0.002" errors="0" timestamp="2022-06-19T12:32:19 IST" skipped="0">
  <testcase classname="testNGPack.Demo3" name="c" time="0.002"/>
  <system-out>
    <![CDATA[demo3 class method]]>
  </system-out>
</testsuite> <!-- testNGPack.Demo3 -->
