<?xml version="1.0" encoding="UTF-8"?>
<!-- Generated by org.testng.reporters.JUnitReportReporter -->
<testsuite hostname="JKTNOLAP668" failures="0" tests="1" name="testNGPack.Demo" time="0.020" errors="0" timestamp="2022-06-19T12:41:55 IST" skipped="0">
  <testcase classname="testNGPack.Demo" name="f" time="0.020"/>
  <system-out>
    <![CDATA[demo5 class method]]>
  </system-out>
</testsuite> <!-- testNGPack.Demo -->
